<?xml version="1.0" encoding="UTF-8"?>
<testng-results ignored="0" total="1" passed="1" failed="0" skipped="0">
  <reporter-output>
  </reporter-output>
  <suite started-at="2021-07-10T03:01:37 ART" name="Suite" finished-at="2021-07-10T03:01:37 ART" duration-ms="40">
    <groups>
    </groups>
    <test started-at="2021-07-10T03:01:37 ART" name="Test" finished-at="2021-07-10T03:01:37 ART" duration-ms="40">
      <class name="com.swiggy.SwiggyAppiumScript">
        <test-method signature="test1()[pri:0, instance:com.swiggy.SwiggyAppiumScript@dd2856e]" started-at="2021-07-10T03:01:37 ART" name="test1" finished-at="2021-07-10T03:01:37 ART" duration-ms="5" status="PASS">
          <reporter-output>
          </reporter-output>
        </test-method> <!-- test1 -->
      </class> <!-- com.swiggy.SwiggyAppiumScript -->
    </test> <!-- Test -->
  </suite> <!-- Suite -->
</testng-results>
