<?xml version="1.0" encoding="UTF-8"?>
<testsuite xmlns:xsi="http://www.w3.org/2001/XMLSchema-instance" xsi:noNamespaceSchemaLocation="https://maven.apache.org/surefire/maven-surefire-plugin/xsd/surefire-test-report.xsd" name="TestSuite" time="22.164" tests="2" errors="0" skipped="0" failures="1">
  <properties>
[...]
</properties>
  <testcase name="StartConnection" classname="com.swiggy.SwiggyAppiumScript" time="21.596">
    <failure message="Unable to create a new remote session. Original error: Failed to connect to /172.17.0.2:49412&#10;Build info: version: &apos;3.141.59&apos;, revision: &apos;e82be7d358&apos;, time: &apos;2018-11-14T08:17:03&apos;&#10;System info: host: &apos;DESKTOP-EER3MNQ&apos;, ip: &apos;192.168.1.64&apos;, os.name: &apos;Windows 10&apos;, os.arch: &apos;amd64&apos;, os.version: &apos;10.0&apos;, java.version: &apos;15.0.1&apos;&#10;Driver info: driver.version: AndroidDriver" type="org.openqa.selenium.SessionNotCreatedException">org.openqa.selenium.SessionNotCreatedException: 
Unable to create a new remote session. Original error: Failed to connect to /172.17.0.2:49412
Build info: version: '3.141.59', revision: 'e82be7d358', time: '2018-11-14T08:17:03'
System info: host: 'DESKTOP-EER3MNQ', ip: '192.168.1.64', os.name: 'Windows 10', os.arch: 'amd64', os.version: '10.0', java.version: '15.0.1'
Driver info: driver.version: AndroidDriver
	at com.swiggy.SwiggyAppiumScript.StartConnection(SwiggyAppiumScript.java:44)
Caused by: java.lang.reflect.InvocationTargetException
	at com.swiggy.SwiggyAppiumScript.StartConnection(SwiggyAppiumScript.java:44)
Caused by: java.net.ConnectException: Failed to connect to /172.17.0.2:49412
	at com.swiggy.SwiggyAppiumScript.StartConnection(SwiggyAppiumScript.java:44)
Caused by: java.net.ConnectException: Connection timed out: no further information
	at com.swiggy.SwiggyAppiumScript.StartConnection(SwiggyAppiumScript.java:44)
</failure>
  </testcase>
  <testcase name="test1" classname="com.swiggy.SwiggyAppiumScript" time="0.002"/>
</testsuite>