<?xml version="1.0" encoding="UTF-8"?>
<testsuite xmlns:xsi="http://www.w3.org/2001/XMLSchema-instance" xsi:noNamespaceSchemaLocation="https://maven.apache.org/surefire/maven-surefire-plugin/xsd/surefire-test-report.xsd" name="TestSuite" time="146.185" tests="3" errors="0" skipped="2" failures="1">
  <properties>
[...]
</properties>
  <testcase name="StartConnection" classname="com.swiggy.SwiggyAppiumScript" time="84.266">
    <failure message="Connection refused: connect&#10;Build info: version: &apos;3.141.59&apos;, revision: &apos;e82be7d358&apos;, time: &apos;2018-11-14T08:17:03&apos;&#10;System info: host: &apos;DESKTOP-EER3MNQ&apos;, ip: &apos;192.168.1.64&apos;, os.name: &apos;Windows 10&apos;, os.arch: &apos;amd64&apos;, os.version: &apos;10.0&apos;, java.version: &apos;11.0.10&apos;&#10;Driver info: driver.version: AppiumDriver" type="org.openqa.selenium.WebDriverException">org.openqa.selenium.WebDriverException: 
Connection refused: connect
Build info: version: '3.141.59', revision: 'e82be7d358', time: '2018-11-14T08:17:03'
System info: host: 'DESKTOP-EER3MNQ', ip: '192.168.1.64', os.name: 'Windows 10', os.arch: 'amd64', os.version: '10.0', java.version: '11.0.10'
Driver info: driver.version: AppiumDriver
	at com.swiggy.SwiggyAppiumScript.StartConnection(SwiggyAppiumScript.java:55)
Caused by: java.net.ConnectException: Connection refused: connect
	at com.swiggy.SwiggyAppiumScript.StartConnection(SwiggyAppiumScript.java:55)
</failure>
    <system-out><![CDATA[Starting Docker-compose...
Docker-compose successfuly started!
Starting Connection...
]]></system-out>
  </testcase>
  <testcase name="test1" classname="com.swiggy.SwiggyAppiumScript" time="0">
    <skipped message="Connection refused: connect&#10;Build info: version: &apos;3.141.59&apos;, revision: &apos;e82be7d358&apos;, time: &apos;2018-11-14T08:17:03&apos;&#10;System info: host: &apos;DESKTOP-EER3MNQ&apos;, ip: &apos;192.168.1.64&apos;, os.name: &apos;Windows 10&apos;, os.arch: &apos;amd64&apos;, os.version: &apos;10.0&apos;, java.version: &apos;11.0.10&apos;&#10;Driver info: driver.version: AppiumDriver"/>
  </testcase>
  <testcase name="TearDown" classname="com.swiggy.SwiggyAppiumScript" time="0">
    <skipped/>
  </testcase>
</testsuite>