<?xml version="1.0" encoding="UTF-8"?>
<testng-results ignored="0" total="1" passed="1" failed="0" skipped="0">
  <reporter-output>
  </reporter-output>
  <suite started-at="2021-07-17T09:19:45 ART" name="Default suite" finished-at="2021-07-17T09:24:39 ART" duration-ms="294669">
    <groups>
    </groups>
    <test started-at="2021-07-17T09:19:45 ART" name="Default test" finished-at="2021-07-17T09:24:39 ART" duration-ms="294669">
      <class name="com.swiggy.SwiggyAppiumScript">
        <test-method is-config="true" signature="StartConnection()[pri:0, instance:com.swiggy.SwiggyAppiumScript@10e41621]" started-at="2021-07-17T09:19:45 ART" name="StartConnection" finished-at="2021-07-17T09:24:14 ART" duration-ms="269228" status="PASS">
          <reporter-output>
          </reporter-output>
        </test-method> <!-- StartConnection -->
        <test-method signature="test1()[pri:0, instance:com.swiggy.SwiggyAppiumScript@10e41621]" started-at="2021-07-17T09:24:14 ART" name="test1" finished-at="2021-07-17T09:24:26 ART" duration-ms="12416" status="PASS">
          <reporter-output>
          </reporter-output>
        </test-method> <!-- test1 -->
        <test-method is-config="true" signature="TearDown()[pri:0, instance:com.swiggy.SwiggyAppiumScript@10e41621]" started-at="2021-07-17T09:24:26 ART" name="TearDown" finished-at="2021-07-17T09:24:39 ART" duration-ms="12972" status="PASS">
          <reporter-output>
          </reporter-output>
        </test-method> <!-- TearDown -->
      </class> <!-- com.swiggy.SwiggyAppiumScript -->
    </test> <!-- Default test -->
  </suite> <!-- Default suite -->
</testng-results>
